<?xml version="1.0" encoding="UTF-8"?>
<coverage generated="1712898280947" clover="3.2.0">
  <project timestamp="1712898280947" name="All files">
    <metrics statements="56" coveredstatements="54" conditionals="4" coveredconditionals="2" methods="7" coveredmethods="7" elements="67" coveredelements="63" complexity="0" loc="56" ncloc="56" packages="2" files="9" classes="9"/>
    <package name="controllers">
      <metrics statements="50" coveredstatements="48" conditionals="4" coveredconditionals="2" methods="7" coveredmethods="7"/>
      <file name="addAttachmentsController.js" path="/Users/soudagarlondhe/Documents/MS-Sem2/Collaborative-732/Team-Project-11thApril/Appli-Tracker/backend/controllers/addAttachmentsController.js">
        <metrics statements="6" coveredstatements="6" conditionals="0" coveredconditionals="0" methods="1" coveredmethods="1"/>
        <line num="1" count="1" type="stmt"/>
        <line num="2" count="1" type="stmt"/>
        <line num="4" count="1" type="stmt"/>
        <line num="5" count="2" type="stmt"/>
        <line num="8" count="2" type="stmt"/>
        <line num="20" count="2" type="stmt"/>
      </file>
      <file name="assignPriorityController.js" path="/Users/soudagarlondhe/Documents/MS-Sem2/Collaborative-732/Team-Project-11thApril/Appli-Tracker/backend/controllers/assignPriorityController.js">
        <metrics statements="8" coveredstatements="7" conditionals="2" coveredconditionals="1" methods="1" coveredmethods="1"/>
        <line num="1" count="1" type="stmt"/>
        <line num="2" count="1" type="stmt"/>
        <line num="5" count="1" type="stmt"/>
        <line num="9" count="1" type="stmt"/>
        <line num="10" count="1" type="stmt"/>
        <line num="16" count="1" type="cond" truecount="1" falsecount="1"/>
        <line num="17" count="0" type="stmt"/>
        <line num="20" count="1" type="stmt"/>
      </file>
      <file name="extractAllJobsController.js" path="/Users/soudagarlondhe/Documents/MS-Sem2/Collaborative-732/Team-Project-11thApril/Appli-Tracker/backend/controllers/extractAllJobsController.js">
        <metrics statements="7" coveredstatements="7" conditionals="0" coveredconditionals="0" methods="1" coveredmethods="1"/>
        <line num="1" count="1" type="stmt"/>
        <line num="3" count="1" type="stmt"/>
        <line num="5" count="1" type="stmt"/>
        <line num="6" count="1" type="stmt"/>
        <line num="7" count="1" type="stmt"/>
        <line num="9" count="1" type="stmt"/>
        <line num="12" count="1" type="stmt"/>
      </file>
      <file name="jobSearchController.js" path="/Users/soudagarlondhe/Documents/MS-Sem2/Collaborative-732/Team-Project-11thApril/Appli-Tracker/backend/controllers/jobSearchController.js">
        <metrics statements="5" coveredstatements="5" conditionals="0" coveredconditionals="0" methods="1" coveredmethods="1"/>
        <line num="1" count="1" type="stmt"/>
        <line num="2" count="1" type="stmt"/>
        <line num="5" count="1" type="stmt"/>
        <line num="7" count="2" type="stmt"/>
        <line num="8" count="2" type="stmt"/>
      </file>
      <file name="monthlyCalendarController.js" path="/Users/soudagarlondhe/Documents/MS-Sem2/Collaborative-732/Team-Project-11thApril/Appli-Tracker/backend/controllers/monthlyCalendarController.js">
        <metrics statements="8" coveredstatements="8" conditionals="0" coveredconditionals="0" methods="1" coveredmethods="1"/>
        <line num="1" count="1" type="stmt"/>
        <line num="3" count="1" type="stmt"/>
        <line num="5" count="1" type="stmt"/>
        <line num="6" count="2" type="stmt"/>
        <line num="7" count="2" type="stmt"/>
        <line num="8" count="2" type="stmt"/>
        <line num="11" count="2" type="stmt"/>
        <line num="26" count="2" type="stmt"/>
      </file>
      <file name="updateStageController.js" path="/Users/soudagarlondhe/Documents/MS-Sem2/Collaborative-732/Team-Project-11thApril/Appli-Tracker/backend/controllers/updateStageController.js">
        <metrics statements="8" coveredstatements="7" conditionals="2" coveredconditionals="1" methods="1" coveredmethods="1"/>
        <line num="1" count="1" type="stmt"/>
        <line num="2" count="1" type="stmt"/>
        <line num="5" count="1" type="stmt"/>
        <line num="9" count="2" type="stmt"/>
        <line num="10" count="2" type="stmt"/>
        <line num="16" count="2" type="cond" truecount="1" falsecount="1"/>
        <line num="17" count="0" type="stmt"/>
        <line num="20" count="2" type="stmt"/>
      </file>
      <file name="weeklyDashboardController.js" path="/Users/soudagarlondhe/Documents/MS-Sem2/Collaborative-732/Team-Project-11thApril/Appli-Tracker/backend/controllers/weeklyDashboardController.js">
        <metrics statements="8" coveredstatements="8" conditionals="0" coveredconditionals="0" methods="1" coveredmethods="1"/>
        <line num="1" count="1" type="stmt"/>
        <line num="2" count="1" type="stmt"/>
        <line num="5" count="1" type="stmt"/>
        <line num="7" count="1" type="stmt"/>
        <line num="9" count="1" type="stmt"/>
        <line num="10" count="1" type="stmt"/>
        <line num="14" count="1" type="stmt"/>
        <line num="17" count="1" type="stmt"/>
      </file>
    </package>
    <package name="models">
      <metrics statements="6" coveredstatements="6" conditionals="0" coveredconditionals="0" methods="0" coveredmethods="0"/>
      <file name="jobCreationModel.js" path="/Users/soudagarlondhe/Documents/MS-Sem2/Collaborative-732/Team-Project-11thApril/Appli-Tracker/backend/models/jobCreationModel.js">
        <metrics statements="3" coveredstatements="3" conditionals="0" coveredconditionals="0" methods="0" coveredmethods="0"/>
        <line num="1" count="7" type="stmt"/>
        <line num="3" count="7" type="stmt"/>
        <line num="50" count="7" type="stmt"/>
      </file>
      <file name="todoSchema.js" path="/Users/soudagarlondhe/Documents/MS-Sem2/Collaborative-732/Team-Project-11thApril/Appli-Tracker/backend/models/todoSchema.js">
        <metrics statements="3" coveredstatements="3" conditionals="0" coveredconditionals="0" methods="0" coveredmethods="0"/>
        <line num="1" count="2" type="stmt"/>
        <line num="3" count="2" type="stmt"/>
        <line num="23" count="2" type="stmt"/>
      </file>
    </package>
  </project>
</coverage>
