{"/Users/soudagarlondhe/Documents/MS-Sem2/Collaborative-732/Team-Project-11thApril/Appli-Tracker/backend/controllers/addAttachmentsController.js": {"path":"/Users/soudagarlondhe/Documents/MS-Sem2/Collaborative-732/Team-Project-11thApril/Appli-Tracker/backend/controllers/addAttachmentsController.js","statementMap":{"0":{"start":{"line":1,"column":17},"end":{"line":1,"column":36}},"1":{"start":{"line":2,"column":26},"end":{"line":2,"column":63}},"2":{"start":{"line":4,"column":0},"end":{"line":26,"column":1}},"3":{"start":{"line":5,"column":4},"end":{"line":25,"column":5}},"4":{"start":{"line":8,"column":27},"end":{"line":12,"column":9}},"5":{"start":{"line":20,"column":8},"end":{"line":20,"column":26}}},"fnMap":{"0":{"name":"addAttachmentsController","decl":{"start":{"line":4,"column":32},"end":{"line":4,"column":56}},"loc":{"start":{"line":4,"column":70},"end":{"line":26,"column":1}},"line":4}},"branchMap":{},"s":{"0":1,"1":1,"2":1,"3":1,"4":1,"5":1},"f":{"0":1},"b":{},"_coverageSchema":"1a1c01bbd47fc00a2c39e90264f33305004495a9","hash":"51d5c5ac49a56e9af2deb13405811a76ae4c9d0e"}
,"/Users/soudagarlondhe/Documents/MS-Sem2/Collaborative-732/Team-Project-11thApril/Appli-Tracker/backend/controllers/assignPriorityController.js": {"path":"/Users/soudagarlondhe/Documents/MS-Sem2/Collaborative-732/Team-Project-11thApril/Appli-Tracker/backend/controllers/assignPriorityController.js","statementMap":{"0":{"start":{"line":1,"column":17},"end":{"line":1,"column":36}},"1":{"start":{"line":2,"column":26},"end":{"line":2,"column":63}},"2":{"start":{"line":5,"column":0},"end":{"line":27,"column":1}},"3":{"start":{"line":9,"column":4},"end":{"line":25,"column":5}},"4":{"start":{"line":10,"column":27},"end":{"line":14,"column":9}},"5":{"start":{"line":16,"column":8},"end":{"line":18,"column":9}},"6":{"start":{"line":17,"column":12},"end":{"line":17,"column":45}},"7":{"start":{"line":20,"column":8},"end":{"line":20,"column":26}}},"fnMap":{"0":{"name":"assignPriorityController","decl":{"start":{"line":5,"column":32},"end":{"line":5,"column":56}},"loc":{"start":{"line":6,"column":0},"end":{"line":27,"column":1}},"line":6}},"branchMap":{"0":{"loc":{"start":{"line":16,"column":8},"end":{"line":18,"column":9}},"type":"if","locations":[{"start":{"line":16,"column":8},"end":{"line":18,"column":9}},{"start":{},"end":{}}],"line":16}},"s":{"0":1,"1":1,"2":1,"3":1,"4":1,"5":1,"6":0,"7":1},"f":{"0":1},"b":{"0":[0,1]},"_coverageSchema":"1a1c01bbd47fc00a2c39e90264f33305004495a9","hash":"d232bb4bd4d3632b42cf8ea0cf927323951dd670"}
,"/Users/soudagarlondhe/Documents/MS-Sem2/Collaborative-732/Team-Project-11thApril/Appli-Tracker/backend/controllers/extractAllJobsController.js": {"path":"/Users/soudagarlondhe/Documents/MS-Sem2/Collaborative-732/Team-Project-11thApril/Appli-Tracker/backend/controllers/extractAllJobsController.js","statementMap":{"0":{"start":{"line":1,"column":17},"end":{"line":1,"column":36}},"1":{"start":{"line":3,"column":26},"end":{"line":3,"column":63}},"2":{"start":{"line":5,"column":0},"end":{"line":18,"column":1}},"3":{"start":{"line":6,"column":4},"end":{"line":17,"column":5}},"4":{"start":{"line":7,"column":36},"end":{"line":7,"column":47}},"5":{"start":{"line":9,"column":24},"end":{"line":9,"column":73}},"6":{"start":{"line":12,"column":8},"end":{"line":12,"column":23}}},"fnMap":{"0":{"name":"extractAllJobController","decl":{"start":{"line":5,"column":32},"end":{"line":5,"column":55}},"loc":{"start":{"line":5,"column":69},"end":{"line":18,"column":1}},"line":5}},"branchMap":{},"s":{"0":1,"1":1,"2":1,"3":1,"4":1,"5":1,"6":1},"f":{"0":1},"b":{},"_coverageSchema":"1a1c01bbd47fc00a2c39e90264f33305004495a9","hash":"09d607c915440391a6a2f3aee556302c7d09dfdc"}
,"/Users/soudagarlondhe/Documents/MS-Sem2/Collaborative-732/Team-Project-11thApril/Appli-Tracker/backend/controllers/jobSearchController.js": {"path":"/Users/soudagarlondhe/Documents/MS-Sem2/Collaborative-732/Team-Project-11thApril/Appli-Tracker/backend/controllers/jobSearchController.js","statementMap":{"0":{"start":{"line":1,"column":17},"end":{"line":1,"column":36}},"1":{"start":{"line":2,"column":26},"end":{"line":2,"column":63}},"2":{"start":{"line":5,"column":0},"end":{"line":10,"column":1}},"3":{"start":{"line":7,"column":25},"end":{"line":7,"column":66}},"4":{"start":{"line":8,"column":4},"end":{"line":8,"column":24}}},"fnMap":{"0":{"name":"jobSearchController","decl":{"start":{"line":5,"column":32},"end":{"line":5,"column":51}},"loc":{"start":{"line":6,"column":0},"end":{"line":10,"column":1}},"line":6}},"branchMap":{},"s":{"0":1,"1":1,"2":1,"3":2,"4":2},"f":{"0":2},"b":{},"_coverageSchema":"1a1c01bbd47fc00a2c39e90264f33305004495a9","hash":"ac7d09e53dd5a70a0dda70bc4b2ad3957e7bb493"}
,"/Users/soudagarlondhe/Documents/MS-Sem2/Collaborative-732/Team-Project-11thApril/Appli-Tracker/backend/controllers/monthlyCalendarController.js": {"path":"/Users/soudagarlondhe/Documents/MS-Sem2/Collaborative-732/Team-Project-11thApril/Appli-Tracker/backend/controllers/monthlyCalendarController.js","statementMap":{"0":{"start":{"line":1,"column":17},"end":{"line":1,"column":36}},"1":{"start":{"line":3,"column":19},"end":{"line":3,"column":50}},"2":{"start":{"line":5,"column":0},"end":{"line":31,"column":1}},"3":{"start":{"line":6,"column":4},"end":{"line":30,"column":5}},"4":{"start":{"line":7,"column":47},"end":{"line":7,"column":58}},"5":{"start":{"line":8,"column":30},"end":{"line":8,"column":50}},"6":{"start":{"line":11,"column":22},"end":{"line":24,"column":10}},"7":{"start":{"line":26,"column":8},"end":{"line":26,"column":21}}},"fnMap":{"0":{"name":"monthlyCalendarController","decl":{"start":{"line":5,"column":32},"end":{"line":5,"column":57}},"loc":{"start":{"line":5,"column":71},"end":{"line":31,"column":1}},"line":5}},"branchMap":{},"s":{"0":1,"1":1,"2":1,"3":1,"4":1,"5":1,"6":1,"7":1},"f":{"0":1},"b":{},"_coverageSchema":"1a1c01bbd47fc00a2c39e90264f33305004495a9","hash":"a71e4c8babb2d84a9f2d555f4ba9640092e18fdb"}
,"/Users/soudagarlondhe/Documents/MS-Sem2/Collaborative-732/Team-Project-11thApril/Appli-Tracker/backend/controllers/updateStageController.js": {"path":"/Users/soudagarlondhe/Documents/MS-Sem2/Collaborative-732/Team-Project-11thApril/Appli-Tracker/backend/controllers/updateStageController.js","statementMap":{"0":{"start":{"line":1,"column":17},"end":{"line":1,"column":36}},"1":{"start":{"line":2,"column":26},"end":{"line":2,"column":63}},"2":{"start":{"line":5,"column":0},"end":{"line":27,"column":1}},"3":{"start":{"line":9,"column":4},"end":{"line":25,"column":5}},"4":{"start":{"line":10,"column":27},"end":{"line":14,"column":9}},"5":{"start":{"line":16,"column":8},"end":{"line":18,"column":9}},"6":{"start":{"line":17,"column":12},"end":{"line":17,"column":45}},"7":{"start":{"line":20,"column":8},"end":{"line":20,"column":26}}},"fnMap":{"0":{"name":"updateStageController","decl":{"start":{"line":5,"column":32},"end":{"line":5,"column":53}},"loc":{"start":{"line":6,"column":0},"end":{"line":27,"column":1}},"line":6}},"branchMap":{"0":{"loc":{"start":{"line":16,"column":8},"end":{"line":18,"column":9}},"type":"if","locations":[{"start":{"line":16,"column":8},"end":{"line":18,"column":9}},{"start":{},"end":{}}],"line":16}},"s":{"0":1,"1":1,"2":1,"3":2,"4":2,"5":2,"6":0,"7":2},"f":{"0":2},"b":{"0":[0,2]},"_coverageSchema":"1a1c01bbd47fc00a2c39e90264f33305004495a9","hash":"8217bf5346879126958f0b455cc08ef6723f583e"}
,"/Users/soudagarlondhe/Documents/MS-Sem2/Collaborative-732/Team-Project-11thApril/Appli-Tracker/backend/controllers/weeklyDashboardController.js": {"path":"/Users/soudagarlondhe/Documents/MS-Sem2/Collaborative-732/Team-Project-11thApril/Appli-Tracker/backend/controllers/weeklyDashboardController.js","statementMap":{"0":{"start":{"line":1,"column":17},"end":{"line":1,"column":36}},"1":{"start":{"line":2,"column":26},"end":{"line":2,"column":63}},"2":{"start":{"line":5,"column":0},"end":{"line":26,"column":1}},"3":{"start":{"line":7,"column":4},"end":{"line":24,"column":5}},"4":{"start":{"line":9,"column":22},"end":{"line":9,"column":53}},"5":{"start":{"line":10,"column":20},"end":{"line":10,"column":49}},"6":{"start":{"line":14,"column":17},"end":{"line":16,"column":6}},"7":{"start":{"line":17,"column":4},"end":{"line":17,"column":16}}},"fnMap":{"0":{"name":"weeklyDashboardController","decl":{"start":{"line":5,"column":32},"end":{"line":5,"column":57}},"loc":{"start":{"line":6,"column":0},"end":{"line":26,"column":1}},"line":6}},"branchMap":{},"s":{"0":1,"1":1,"2":1,"3":1,"4":1,"5":1,"6":1,"7":1},"f":{"0":1},"b":{},"_coverageSchema":"1a1c01bbd47fc00a2c39e90264f33305004495a9","hash":"5c535e17e20b7033553bebabc82e5198fecf2701"}
,"/Users/soudagarlondhe/Documents/MS-Sem2/Collaborative-732/Team-Project-11thApril/Appli-Tracker/backend/models/jobCreationModel.js": {"path":"/Users/soudagarlondhe/Documents/MS-Sem2/Collaborative-732/Team-Project-11thApril/Appli-Tracker/backend/models/jobCreationModel.js","statementMap":{"0":{"start":{"line":1,"column":17},"end":{"line":1,"column":36}},"1":{"start":{"line":3,"column":26},"end":{"line":48,"column":1}},"2":{"start":{"line":50,"column":0},"end":{"line":50,"column":63}}},"fnMap":{},"branchMap":{},"s":{"0":7,"1":7,"2":7},"f":{},"b":{},"_coverageSchema":"1a1c01bbd47fc00a2c39e90264f33305004495a9","hash":"c6f2c62ff11e1f8309de68fe8b838581a94e6d47"}
,"/Users/soudagarlondhe/Documents/MS-Sem2/Collaborative-732/Team-Project-11thApril/Appli-Tracker/backend/models/todoSchema.js": {"path":"/Users/soudagarlondhe/Documents/MS-Sem2/Collaborative-732/Team-Project-11thApril/Appli-Tracker/backend/models/todoSchema.js","statementMap":{"0":{"start":{"line":1,"column":17},"end":{"line":1,"column":36}},"1":{"start":{"line":3,"column":27},"end":{"line":21,"column":1}},"2":{"start":{"line":23,"column":0},"end":{"line":23,"column":67}}},"fnMap":{},"branchMap":{},"s":{"0":2,"1":2,"2":2},"f":{},"b":{},"_coverageSchema":"1a1c01bbd47fc00a2c39e90264f33305004495a9","hash":"189a66084dbada7ebb7c57a0804996c79aa51c8d"}
}
