{"C:\\Users\\Manasi\\Documents\\SWEN732\\Appli-Tracker\\backend\\controllers\\assignPriorityController.js": {"path":"C:\\Users\\Manasi\\Documents\\SWEN732\\Appli-Tracker\\backend\\controllers\\assignPriorityController.js","statementMap":{"0":{"start":{"line":1,"column":17},"end":{"line":1,"column":36}},"1":{"start":{"line":2,"column":26},"end":{"line":2,"column":63}},"2":{"start":{"line":5,"column":0},"end":{"line":27,"column":1}},"3":{"start":{"line":9,"column":4},"end":{"line":25,"column":5}},"4":{"start":{"line":10,"column":27},"end":{"line":14,"column":9}},"5":{"start":{"line":16,"column":8},"end":{"line":18,"column":9}},"6":{"start":{"line":17,"column":12},"end":{"line":17,"column":45}},"7":{"start":{"line":20,"column":8},"end":{"line":20,"column":26}},"8":{"start":{"line":23,"column":8},"end":{"line":23,"column":75}},"9":{"start":{"line":24,"column":8},"end":{"line":24,"column":73}}},"fnMap":{"0":{"name":"assignPriorityController","decl":{"start":{"line":5,"column":32},"end":{"line":5,"column":56}},"loc":{"start":{"line":6,"column":0},"end":{"line":27,"column":1}},"line":6}},"branchMap":{"0":{"loc":{"start":{"line":16,"column":8},"end":{"line":18,"column":9}},"type":"if","locations":[{"start":{"line":16,"column":8},"end":{"line":18,"column":9}},{"start":{},"end":{}}],"line":16}},"s":{"0":1,"1":1,"2":1,"3":1,"4":1,"5":1,"6":0,"7":1,"8":0,"9":0},"f":{"0":1},"b":{"0":[0,1]},"_coverageSchema":"1a1c01bbd47fc00a2c39e90264f33305004495a9","hash":"30a9478a323688eb153eec7a556ef98678536553"}
,"C:\\Users\\Manasi\\Documents\\SWEN732\\Appli-Tracker\\backend\\controllers\\jobSearchController.js": {"path":"C:\\Users\\Manasi\\Documents\\SWEN732\\Appli-Tracker\\backend\\controllers\\jobSearchController.js","statementMap":{"0":{"start":{"line":1,"column":17},"end":{"line":1,"column":36}},"1":{"start":{"line":2,"column":26},"end":{"line":2,"column":63}},"2":{"start":{"line":5,"column":0},"end":{"line":10,"column":1}},"3":{"start":{"line":7,"column":25},"end":{"line":7,"column":66}},"4":{"start":{"line":8,"column":4},"end":{"line":8,"column":24}}},"fnMap":{"0":{"name":"jobSearchController","decl":{"start":{"line":5,"column":32},"end":{"line":5,"column":51}},"loc":{"start":{"line":6,"column":0},"end":{"line":10,"column":1}},"line":6}},"branchMap":{},"s":{"0":1,"1":1,"2":1,"3":2,"4":2},"f":{"0":2},"b":{},"_coverageSchema":"1a1c01bbd47fc00a2c39e90264f33305004495a9","hash":"c5775631fbbfa90c62f6dad7e2daaeacc5e1106e"}
,"C:\\Users\\Manasi\\Documents\\SWEN732\\Appli-Tracker\\backend\\controllers\\updateStageController.js": {"path":"C:\\Users\\Manasi\\Documents\\SWEN732\\Appli-Tracker\\backend\\controllers\\updateStageController.js","statementMap":{"0":{"start":{"line":1,"column":17},"end":{"line":1,"column":36}},"1":{"start":{"line":2,"column":26},"end":{"line":2,"column":63}},"2":{"start":{"line":5,"column":0},"end":{"line":27,"column":1}},"3":{"start":{"line":9,"column":4},"end":{"line":25,"column":5}},"4":{"start":{"line":10,"column":27},"end":{"line":14,"column":9}},"5":{"start":{"line":16,"column":8},"end":{"line":18,"column":9}},"6":{"start":{"line":17,"column":12},"end":{"line":17,"column":45}},"7":{"start":{"line":20,"column":8},"end":{"line":20,"column":26}},"8":{"start":{"line":23,"column":8},"end":{"line":23,"column":68}},"9":{"start":{"line":24,"column":8},"end":{"line":24,"column":68}}},"fnMap":{"0":{"name":"updateStageController","decl":{"start":{"line":5,"column":32},"end":{"line":5,"column":53}},"loc":{"start":{"line":6,"column":0},"end":{"line":27,"column":1}},"line":6}},"branchMap":{"0":{"loc":{"start":{"line":16,"column":8},"end":{"line":18,"column":9}},"type":"if","locations":[{"start":{"line":16,"column":8},"end":{"line":18,"column":9}},{"start":{},"end":{}}],"line":16}},"s":{"0":1,"1":1,"2":1,"3":2,"4":2,"5":2,"6":0,"7":2,"8":0,"9":0},"f":{"0":2},"b":{"0":[0,2]},"_coverageSchema":"1a1c01bbd47fc00a2c39e90264f33305004495a9","hash":"9a00e4aadccdc1ff202b4ae4377b67a5a1ecb5e5"}
,"C:\\Users\\Manasi\\Documents\\SWEN732\\Appli-Tracker\\backend\\controllers\\weeklyDashboardController.js": {"path":"C:\\Users\\Manasi\\Documents\\SWEN732\\Appli-Tracker\\backend\\controllers\\weeklyDashboardController.js","statementMap":{"0":{"start":{"line":1,"column":17},"end":{"line":1,"column":36}},"1":{"start":{"line":2,"column":26},"end":{"line":2,"column":63}},"2":{"start":{"line":5,"column":0},"end":{"line":26,"column":1}},"3":{"start":{"line":7,"column":4},"end":{"line":24,"column":5}},"4":{"start":{"line":9,"column":22},"end":{"line":9,"column":53}},"5":{"start":{"line":10,"column":20},"end":{"line":10,"column":49}},"6":{"start":{"line":14,"column":17},"end":{"line":16,"column":6}},"7":{"start":{"line":17,"column":4},"end":{"line":17,"column":16}},"8":{"start":{"line":22,"column":8},"end":{"line":22,"column":68}},"9":{"start":{"line":23,"column":8},"end":{"line":23,"column":68}}},"fnMap":{"0":{"name":"weeklyDashboardController","decl":{"start":{"line":5,"column":32},"end":{"line":5,"column":57}},"loc":{"start":{"line":6,"column":0},"end":{"line":26,"column":1}},"line":6}},"branchMap":{},"s":{"0":1,"1":1,"2":1,"3":1,"4":1,"5":1,"6":1,"7":1,"8":0,"9":0},"f":{"0":1},"b":{},"_coverageSchema":"1a1c01bbd47fc00a2c39e90264f33305004495a9","hash":"08b77c97f75c2637841396c7b3151d39e9593472"}
,"C:\\Users\\Manasi\\Documents\\SWEN732\\Appli-Tracker\\backend\\models\\jobCreationModel.js": {"path":"C:\\Users\\Manasi\\Documents\\SWEN732\\Appli-Tracker\\backend\\models\\jobCreationModel.js","statementMap":{"0":{"start":{"line":1,"column":17},"end":{"line":1,"column":36}},"1":{"start":{"line":3,"column":26},"end":{"line":38,"column":1}},"2":{"start":{"line":40,"column":0},"end":{"line":40,"column":63}}},"fnMap":{},"branchMap":{},"s":{"0":5,"1":5,"2":5},"f":{},"b":{},"_coverageSchema":"1a1c01bbd47fc00a2c39e90264f33305004495a9","hash":"13cb4d9cb09ec8f2b1a7f09444923eba3e8830b0"}
}
