TN:
SF:controllers/assignPriorityController.js
FN:5,assignPriorityController
FNF:1
FNH:1
FNDA:1,assignPriorityController
DA:1,1
DA:2,1
DA:5,1
DA:9,1
DA:10,1
DA:16,1
DA:17,0
DA:20,1
DA:23,0
DA:24,0
LF:10
LH:7
BRDA:16,0,0,0
BRDA:16,0,1,1
BRF:2
BRH:1
end_of_record
TN:
SF:controllers/jobSearchController.js
FN:5,jobSearchController
FNF:1
FNH:1
FNDA:2,jobSearchController
DA:1,1
DA:2,1
DA:5,1
DA:7,2
DA:8,2
LF:5
LH:5
BRF:0
BRH:0
end_of_record
TN:
SF:controllers/updateStageController.js
FN:5,updateStageController
FNF:1
FNH:1
FNDA:2,updateStageController
DA:1,1
DA:2,1
DA:5,1
DA:9,2
DA:10,2
DA:16,2
DA:17,0
DA:20,2
DA:23,0
DA:24,0
LF:10
LH:7
BRDA:16,0,0,0
BRDA:16,0,1,2
BRF:2
BRH:1
end_of_record
TN:
SF:controllers/weeklyDashboardController.js
FN:5,weeklyDashboardController
FNF:1
FNH:1
FNDA:1,weeklyDashboardController
DA:1,1
DA:2,1
DA:5,1
DA:7,1
DA:9,1
DA:10,1
DA:14,1
DA:17,1
DA:22,0
DA:23,0
LF:10
LH:8
BRF:0
BRH:0
end_of_record
TN:
SF:models/jobCreationModel.js
FNF:0
FNH:0
DA:1,5
DA:3,5
DA:40,5
LF:3
LH:3
BRF:0
BRH:0
end_of_record
