TN:
SF:controllers/addAttachmentsController.js
FN:4,addAttachmentsController
FNF:1
FNH:1
FNDA:1,addAttachmentsController
DA:1,1
DA:2,1
DA:4,1
DA:5,1
DA:8,1
DA:20,1
LF:6
LH:6
BRF:0
BRH:0
end_of_record
TN:
SF:controllers/assignPriorityController.js
FN:5,assignPriorityController
FNF:1
FNH:1
FNDA:1,assignPriorityController
DA:1,1
DA:2,1
DA:5,1
DA:9,1
DA:10,1
DA:16,1
DA:17,0
DA:20,1
LF:8
LH:7
BRDA:16,0,0,0
BRDA:16,0,1,1
BRF:2
BRH:1
end_of_record
TN:
SF:controllers/extractAllJobsController.js
FN:5,extractAllJobController
FNF:1
FNH:1
FNDA:1,extractAllJobController
DA:1,1
DA:3,1
DA:5,1
DA:6,1
DA:7,1
DA:9,1
DA:12,1
LF:7
LH:7
BRF:0
BRH:0
end_of_record
TN:
SF:controllers/jobSearchController.js
FN:5,jobSearchController
FNF:1
FNH:1
FNDA:2,jobSearchController
DA:1,1
DA:2,1
DA:5,1
DA:7,2
DA:8,2
LF:5
LH:5
BRF:0
BRH:0
end_of_record
TN:
SF:controllers/monthlyCalendarController.js
FN:5,monthlyCalendarController
FNF:1
FNH:1
FNDA:1,monthlyCalendarController
DA:1,1
DA:3,1
DA:5,1
DA:6,1
DA:7,1
DA:8,1
DA:11,1
DA:26,1
LF:8
LH:8
BRF:0
BRH:0
end_of_record
TN:
SF:controllers/updateStageController.js
FN:5,updateStageController
FNF:1
FNH:1
FNDA:2,updateStageController
DA:1,1
DA:2,1
DA:5,1
DA:9,2
DA:10,2
DA:16,2
DA:17,0
DA:20,2
LF:8
LH:7
BRDA:16,0,0,0
BRDA:16,0,1,2
BRF:2
BRH:1
end_of_record
TN:
SF:controllers/weeklyDashboardController.js
FN:5,weeklyDashboardController
FNF:1
FNH:1
FNDA:1,weeklyDashboardController
DA:1,1
DA:2,1
DA:5,1
DA:7,1
DA:9,1
DA:10,1
DA:14,1
DA:17,1
LF:8
LH:8
BRF:0
BRH:0
end_of_record
TN:
SF:models/jobCreationModel.js
FNF:0
FNH:0
DA:1,7
DA:3,7
DA:50,7
LF:3
LH:3
BRF:0
BRH:0
end_of_record
TN:
SF:models/todoSchema.js
FNF:0
FNH:0
DA:1,2
DA:3,2
DA:23,2
LF:3
LH:3
BRF:0
BRH:0
end_of_record
